<?xml version="1.0" encoding="UTF-8"?>
<testng-results skipped="0" failed="0" ignored="0" total="2" passed="2">
  <reporter-output>
  </reporter-output>
  <suite name="Surefire suite" duration-ms="31" started-at="2019-06-03T16:40:52Z" finished-at="2019-06-03T16:40:52Z">
    <groups>
    </groups>
    <test name="Surefire test" duration-ms="31" started-at="2019-06-03T16:40:52Z" finished-at="2019-06-03T16:40:52Z">
      <class name="com.mycompany.app.SoapAPITest">
        <test-method status="PASS" signature="four()[pri:0, instance:com.mycompany.app.SoapAPITest@22f71333]" name="four" duration-ms="0" started-at="2019-06-03T16:40:52Z" finished-at="2019-06-03T16:40:52Z">
          <reporter-output>
          </reporter-output>
        </test-method> <!-- four -->
        <test-method status="PASS" signature="third()[pri:0, instance:com.mycompany.app.SoapAPITest@22f71333]" name="third" duration-ms="0" started-at="2019-06-03T16:40:52Z" finished-at="2019-06-03T16:40:52Z">
          <reporter-output>
          </reporter-output>
        </test-method> <!-- third -->
      </class> <!-- com.mycompany.app.SoapAPITest -->
    </test> <!-- Surefire test -->
  </suite> <!-- Surefire suite -->
</testng-results>
